Traceback (most recent call last):
  File "/home/user/persistent/NeAR_fix_Public-Cardiac-CT-Dataset/NeAR/repairing/near_repairing/stage1_coronary/inference_coronary.py", line 192, in <module>
    main()
    ~~~~^^
  File "/home/user/persistent/NeAR_fix_Public-Cardiac-CT-Dataset/NeAR/repairing/near_repairing/stage1_coronary/inference_coronary.py", line 140, in main
    info_df = pd.read_csv(info_path)
  File "/home/user/miniconda3/lib/python3.13/site-packages/pandas/io/parsers/readers.py", line 1026, in read_csv
    return _read(filepath_or_buffer, kwds)
  File "/home/user/miniconda3/lib/python3.13/site-packages/pandas/io/parsers/readers.py", line 620, in _read
    parser = TextFileReader(filepath_or_buffer, **kwds)
  File "/home/user/miniconda3/lib/python3.13/site-packages/pandas/io/parsers/readers.py", line 1620, in __init__
    self._engine = self._make_engine(f, self.engine)
                   ~~~~~~~~~~~~~~~~~^^^^^^^^^^^^^^^^
  File "/home/user/miniconda3/lib/python3.13/site-packages/pandas/io/parsers/readers.py", line 1880, in _make_engine
    self.handles = get_handle(
                   ~~~~~~~~~~^
        f,
        ^^
    ...<6 lines>...
        storage_options=self.options.get("storage_options", None),
        ^^^^^^^^^^^^^^^^^^^^^^^^^^^^^^^^^^^^^^^^^^^^^^^^^^^^^^^^^^
    )
    ^
  File "/home/user/miniconda3/lib/python3.13/site-packages/pandas/io/common.py", line 873, in get_handle
    handle = open(
        handle,
    ...<3 lines>...
        newline="",
    )
FileNotFoundError: [Errno 2] No such file or directory: '../../../dataset/near_format_data/info.csv'
